<?xml version="1.0" encoding="UTF-8"?>
<!-- Generated by org.testng.reporters.JUnitXMLReporter -->
<testsuite ignored="0" hostname="DESKTOP-4RVJD3L" failures="0" tests="3" name="HRMLOgoProject" time="1.611" errors="0" timestamp="2023-10-18T22:14:30 PDT">
  <testcase classname="TestCases.LoginTests" name="@BeforeClass setup" time="0.02">
    <failure type="java.lang.NullPointerException" message="Cannot invoke &amp;quot;java.util.logging.Logger.info(String)&amp;quot; because &amp;quot;TestCases.LoginTests.log&amp;quot; is null">
      <![CDATA[java.lang.NullPointerException: Cannot invoke "java.util.logging.Logger.info(String)" because "TestCases.LoginTests.log" is null
at TestCases.LoginTests.setup(LoginTests.java:29)
at java.base/java.util.ArrayList.forEach(ArrayList.java:1596)
at com.intellij.rt.testng.IDEARemoteTestNG.run(IDEARemoteTestNG.java:66)
at com.intellij.rt.testng.RemoteTestNGStarter.main(RemoteTestNGStarter.java:105)
... Removed 20 stack frames]]>
    </failure>
  </testcase> <!-- @BeforeClass setup -->
  <testcase classname="TestCases.LoginTests" name="invalidData" time="0.0">
    <skipped/>
  </testcase> <!-- invalidData -->
  <testcase classname="TestCases.LoginTests" name="invalidData" time="0.001">
    <skipped/>
  </testcase> <!-- invalidData -->
  <testcase classname="TestCases.LoginTests" name="invalidData" time="0.0">
    <skipped/>
  </testcase> <!-- invalidData -->
</testsuite> <!-- HRMLOgoProject -->
